<?xml version="1.0" encoding="UTF-8"?>
<testng-results ignored="0" total="5" passed="5" failed="0" skipped="0">
  <reporter-output>
  </reporter-output>
  <suite started-at="2023-01-17T23:35:20 EST" name="Default suite" finished-at="2023-01-17T23:35:45 EST" duration-ms="25162">
    <groups>
      <group name="cucumber">
        <method signature="AbstractTestNGCucumberTests.runScenario(io.cucumber.testng.PickleWrapper,io.cucumber.testng.FeatureWrapper)[pri:0, instance:Runner.Runner_TestNG@51399530]" name="runScenario" class="io.cucumber.testng.AbstractTestNGCucumberTests"/>
      </group> <!-- cucumber -->
    </groups>
    <test started-at="2023-01-17T23:35:20 EST" name="Default test" finished-at="2023-01-17T23:35:45 EST" duration-ms="25162">
      <class name="Runner.Runner_TestNG">
        <test-method is-config="true" signature="setUpClass(org.testng.ITestContext)[pri:0, instance:Runner.Runner_TestNG@51399530]" started-at="2023-01-17T23:35:20 EST" name="setUpClass" finished-at="2023-01-17T23:35:21 EST" duration-ms="560" status="PASS">
          <params>
            <param index="0">
              <value>
                <![CDATA[org.testng.TestRunner@22da2fe6]]>
              </value>
            </param>
          </params>
          <reporter-output>
          </reporter-output>
        </test-method> <!-- setUpClass -->
        <test-method signature="runScenario(io.cucumber.testng.PickleWrapper,io.cucumber.testng.FeatureWrapper)[pri:0, instance:Runner.Runner_TestNG@51399530]" started-at="2023-01-17T23:35:21 EST" name="runScenario" description="Runs Cucumber Scenarios" data-provider="scenarios" finished-at="2023-01-17T23:35:27 EST" duration-ms="5797" status="PASS">
          <params>
            <param index="0">
              <value>
                <![CDATA["Login with valid Credentials"]]>
              </value>
            </param>
            <param index="1">
              <value>
                <![CDATA["login functionality of tutorialsNinja"]]>
              </value>
            </param>
          </params>
          <reporter-output>
          </reporter-output>
        </test-method> <!-- runScenario -->
        <test-method signature="runScenario(io.cucumber.testng.PickleWrapper,io.cucumber.testng.FeatureWrapper)[pri:0, instance:Runner.Runner_TestNG@51399530]" started-at="2023-01-17T23:35:27 EST" name="runScenario" description="Runs Cucumber Scenarios" data-provider="scenarios" finished-at="2023-01-17T23:35:32 EST" duration-ms="4984" status="PASS">
          <params>
            <param index="0">
              <value>
                <![CDATA["Login with Invalid Credentials"]]>
              </value>
            </param>
            <param index="1">
              <value>
                <![CDATA["login functionality of tutorialsNinja"]]>
              </value>
            </param>
          </params>
          <reporter-output>
          </reporter-output>
        </test-method> <!-- runScenario -->
        <test-method signature="runScenario(io.cucumber.testng.PickleWrapper,io.cucumber.testng.FeatureWrapper)[pri:0, instance:Runner.Runner_TestNG@51399530]" started-at="2023-01-17T23:35:32 EST" name="runScenario" description="Runs Cucumber Scenarios" data-provider="scenarios" finished-at="2023-01-17T23:35:36 EST" duration-ms="4402" status="PASS">
          <params>
            <param index="0">
              <value>
                <![CDATA["Login with Valid email and Invalid Password Credentials"]]>
              </value>
            </param>
            <param index="1">
              <value>
                <![CDATA["login functionality of tutorialsNinja"]]>
              </value>
            </param>
          </params>
          <reporter-output>
          </reporter-output>
        </test-method> <!-- runScenario -->
        <test-method signature="runScenario(io.cucumber.testng.PickleWrapper,io.cucumber.testng.FeatureWrapper)[pri:0, instance:Runner.Runner_TestNG@51399530]" started-at="2023-01-17T23:35:36 EST" name="runScenario" description="Runs Cucumber Scenarios" data-provider="scenarios" finished-at="2023-01-17T23:35:41 EST" duration-ms="4844" status="PASS">
          <params>
            <param index="0">
              <value>
                <![CDATA["Login with Invalid email and valid Password Credentials"]]>
              </value>
            </param>
            <param index="1">
              <value>
                <![CDATA["login functionality of tutorialsNinja"]]>
              </value>
            </param>
          </params>
          <reporter-output>
          </reporter-output>
        </test-method> <!-- runScenario -->
        <test-method signature="runScenario(io.cucumber.testng.PickleWrapper,io.cucumber.testng.FeatureWrapper)[pri:0, instance:Runner.Runner_TestNG@51399530]" started-at="2023-01-17T23:35:41 EST" name="runScenario" description="Runs Cucumber Scenarios" data-provider="scenarios" finished-at="2023-01-17T23:35:45 EST" duration-ms="4444" status="PASS">
          <params>
            <param index="0">
              <value>
                <![CDATA["Login without Credentials"]]>
              </value>
            </param>
            <param index="1">
              <value>
                <![CDATA["login functionality of tutorialsNinja"]]>
              </value>
            </param>
          </params>
          <reporter-output>
          </reporter-output>
        </test-method> <!-- runScenario -->
        <test-method is-config="true" signature="tearDownClass()[pri:0, instance:Runner.Runner_TestNG@51399530]" started-at="2023-01-17T23:35:45 EST" name="tearDownClass" finished-at="2023-01-17T23:35:45 EST" duration-ms="74" status="PASS">
          <reporter-output>
          </reporter-output>
        </test-method> <!-- tearDownClass -->
      </class> <!-- Runner.Runner_TestNG -->
    </test> <!-- Default test -->
  </suite> <!-- Default suite -->
</testng-results>
